*** Starting uWSGI 2.0.18 (64bit) on [Wed Jun 24 18:07:06 2020] ***
compiled with version: 7.3.0 on 12 May 2020 20:20:41
os: Linux-5.3.0-59-generic #53~18.04.1-Ubuntu SMP Thu Jun 4 14:58:26 UTC 2020
nodename: test-System-Product-Name
machine: x86_64
clock source: unix
pcre jit disabled
detected number of CPU cores: 16
current working directory: /etc/nginx/sites-enabled
detected binary path: /home/test/anaconda3/envs/metis/bin/uwsgi
*** WARNING: you are running uWSGI without its master process manager ***
your processes number limit is 31348
your memory page size is 4096 bytes
detected max file descriptor number: 1024
lock engine: pthread robust mutexes
thunder lock: disabled (you can enable it with --thunder-lock)
probably another instance of uWSGI is running on the same address (0.0.0.0:5000).
bind(): Address already in use [core/socket.c line 769]
*** Starting uWSGI 2.0.18 (64bit) on [Sat Jun 27 21:20:33 2020] ***
compiled with version: 7.3.0 on 12 May 2020 20:20:41
os: Linux-5.3.0-61-generic #55~18.04.1-Ubuntu SMP Mon Jun 22 16:40:20 UTC 2020
nodename: test-System-Product-Name
machine: x86_64
clock source: unix
pcre jit disabled
detected number of CPU cores: 16
current working directory: /home/test/Desktop/flask-vue-crud/client
detected binary path: /home/test/anaconda3/envs/metis/bin/uwsgi
*** WARNING: you are running uWSGI without its master process manager ***
your processes number limit is 31350
your memory page size is 4096 bytes
detected max file descriptor number: 1024
lock engine: pthread robust mutexes
thunder lock: disabled (you can enable it with --thunder-lock)
probably another instance of uWSGI is running on the same address (0.0.0.0:5000).
bind(): Address already in use [core/socket.c line 769]
*** Starting uWSGI 2.0.18 (64bit) on [Sat Jun 27 21:32:29 2020] ***
compiled with version: 7.3.0 on 12 May 2020 20:20:41
os: Linux-5.3.0-61-generic #55~18.04.1-Ubuntu SMP Mon Jun 22 16:40:20 UTC 2020
nodename: test-System-Product-Name
machine: x86_64
clock source: unix
pcre jit disabled
detected number of CPU cores: 16
current working directory: /home/test/Desktop/flask-vue-crud/server
writing pidfile to server.pid
detected binary path: /home/test/anaconda3/envs/metis/bin/uwsgi
chdir() to /home/test/Desktop/flask-vue-crud/server
*** WARNING: you are running uWSGI without its master process manager ***
your processes number limit is 31350
your memory page size is 4096 bytes
detected max file descriptor number: 1024
lock engine: pthread robust mutexes
thunder lock: disabled (you can enable it with --thunder-lock)
probably another instance of uWSGI is running on the same address (0.0.0.0:5000).
bind(): Address already in use [core/socket.c line 769]
*** Starting uWSGI 2.0.18 (64bit) on [Sat Jun 27 21:34:07 2020] ***
compiled with version: 7.3.0 on 12 May 2020 20:20:41
os: Linux-5.3.0-61-generic #55~18.04.1-Ubuntu SMP Mon Jun 22 16:40:20 UTC 2020
nodename: test-System-Product-Name
machine: x86_64
clock source: unix
pcre jit disabled
detected number of CPU cores: 16
current working directory: /home/test/Desktop/flask-vue-crud/server
writing pidfile to server.pid
detected binary path: /home/test/anaconda3/envs/metis/bin/uwsgi
chdir() to /home/test/Desktop/flask-vue-crud/server
*** WARNING: you are running uWSGI without its master process manager ***
your processes number limit is 31350
your memory page size is 4096 bytes
detected max file descriptor number: 1024
lock engine: pthread robust mutexes
thunder lock: disabled (you can enable it with --thunder-lock)
uwsgi socket 0 bound to TCP address 0.0.0.0:5000 fd 3
Python version: 3.7.6 | packaged by conda-forge | (default, Mar 23 2020, 23:03:20)  [GCC 7.3.0]
Python main interpreter initialized at 0x5613616c1260
python threads support enabled
your server socket listen backlog is limited to 100 connections
your mercy for graceful operations on workers is 60 seconds
mapped 333504 bytes (325 KB) for 8 cores
*** Operational MODE: preforking+threaded ***
WSGI app 0 (mountpoint='') ready in 2 seconds on interpreter 0x5613616c1260 pid: 6135 (default app)
*** uWSGI is running in multiple interpreter mode ***
spawned uWSGI worker 1 (pid: 6135, cores: 2)
spawned uWSGI worker 2 (pid: 6153, cores: 2)
spawned uWSGI worker 3 (pid: 6155, cores: 2)
spawned uWSGI worker 4 (pid: 6157, cores: 2)
*** Starting uWSGI 2.0.18 (64bit) on [Sat Jun 27 21:46:40 2020] ***
compiled with version: 7.3.0 on 12 May 2020 20:20:41
os: Linux-5.3.0-61-generic #55~18.04.1-Ubuntu SMP Mon Jun 22 16:40:20 UTC 2020
nodename: test-System-Product-Name
machine: x86_64
clock source: unix
pcre jit disabled
detected number of CPU cores: 16
current working directory: /home/test/Desktop/flask-vue-crud/server
writing pidfile to server.pid
detected binary path: /home/test/anaconda3/envs/metis/bin/uwsgi
chdir() to /home/test/Desktop/flask-vue-crud/server
*** WARNING: you are running uWSGI without its master process manager ***
your processes number limit is 31350
your memory page size is 4096 bytes
detected max file descriptor number: 1024
lock engine: pthread robust mutexes
thunder lock: disabled (you can enable it with --thunder-lock)
bind(): Permission denied [core/socket.c line 769]
*** Starting uWSGI 2.0.18 (64bit) on [Sat Jun 27 21:47:57 2020] ***
compiled with version: 7.3.0 on 12 May 2020 20:20:41
os: Linux-5.3.0-61-generic #55~18.04.1-Ubuntu SMP Mon Jun 22 16:40:20 UTC 2020
nodename: test-System-Product-Name
machine: x86_64
clock source: unix
pcre jit disabled
detected number of CPU cores: 16
current working directory: /home/test/Desktop/flask-vue-crud/server
writing pidfile to server.pid
detected binary path: /home/test/anaconda3/envs/metis/bin/uwsgi
chdir() to /home/test/Desktop/flask-vue-crud/server
*** WARNING: you are running uWSGI without its master process manager ***
your processes number limit is 31350
your memory page size is 4096 bytes
detected max file descriptor number: 1024
lock engine: pthread robust mutexes
thunder lock: disabled (you can enable it with --thunder-lock)
bind(): Permission denied [core/socket.c line 769]
*** Starting uWSGI 2.0.18 (64bit) on [Sat Jun 27 21:49:06 2020] ***
compiled with version: 7.3.0 on 12 May 2020 20:20:41
os: Linux-5.3.0-61-generic #55~18.04.1-Ubuntu SMP Mon Jun 22 16:40:20 UTC 2020
nodename: test-System-Product-Name
machine: x86_64
clock source: unix
pcre jit disabled
detected number of CPU cores: 16
current working directory: /home/test/Desktop/flask-vue-crud/server
writing pidfile to server.pid
detected binary path: /home/test/anaconda3/envs/metis/bin/uwsgi
chdir() to /home/test/Desktop/flask-vue-crud/server
*** WARNING: you are running uWSGI without its master process manager ***
your processes number limit is 31350
your memory page size is 4096 bytes
detected max file descriptor number: 1024
lock engine: pthread robust mutexes
thunder lock: disabled (you can enable it with --thunder-lock)
bind(): Permission denied [core/socket.c line 769]
*** Starting uWSGI 2.0.18 (64bit) on [Sat Jun 27 21:50:08 2020] ***
compiled with version: 7.3.0 on 12 May 2020 20:20:41
os: Linux-5.3.0-61-generic #55~18.04.1-Ubuntu SMP Mon Jun 22 16:40:20 UTC 2020
nodename: test-System-Product-Name
machine: x86_64
clock source: unix
pcre jit disabled
detected number of CPU cores: 16
current working directory: /home/test/Desktop/flask-vue-crud/server
writing pidfile to server.pid
detected binary path: /home/test/anaconda3/envs/metis/bin/uwsgi
chdir() to /home/test/Desktop/flask-vue-crud/server
*** WARNING: you are running uWSGI without its master process manager ***
your processes number limit is 31350
your memory page size is 4096 bytes
detected max file descriptor number: 1024
lock engine: pthread robust mutexes
thunder lock: disabled (you can enable it with --thunder-lock)
bind(): Permission denied [core/socket.c line 769]
*** Starting uWSGI 2.0.18 (64bit) on [Sat Jun 27 21:52:49 2020] ***
compiled with version: 7.3.0 on 12 May 2020 20:20:41
os: Linux-5.3.0-61-generic #55~18.04.1-Ubuntu SMP Mon Jun 22 16:40:20 UTC 2020
nodename: test-System-Product-Name
machine: x86_64
clock source: unix
pcre jit disabled
detected number of CPU cores: 16
current working directory: /home/test/Desktop/flask-vue-crud/server
writing pidfile to server.pid
detected binary path: /home/test/anaconda3/envs/metis/bin/uwsgi
chdir() to /home/test/Desktop/flask-vue-crud/server
*** WARNING: you are running uWSGI without its master process manager ***
your processes number limit is 31350
your memory page size is 4096 bytes
detected max file descriptor number: 1024
lock engine: pthread robust mutexes
thunder lock: disabled (you can enable it with --thunder-lock)
bind(): Permission denied [core/socket.c line 769]
*** Starting uWSGI 2.0.18 (64bit) on [Sat Jun 27 21:55:47 2020] ***
compiled with version: 7.3.0 on 12 May 2020 20:20:41
os: Linux-5.3.0-61-generic #55~18.04.1-Ubuntu SMP Mon Jun 22 16:40:20 UTC 2020
nodename: test-System-Product-Name
machine: x86_64
clock source: unix
pcre jit disabled
detected number of CPU cores: 16
current working directory: /home/test/Desktop/flask-vue-crud/server
writing pidfile to server.pid
detected binary path: /home/test/anaconda3/envs/metis/bin/uwsgi
chdir() to /home/test/Desktop/flask-vue-crud/server
*** WARNING: you are running uWSGI without its master process manager ***
your processes number limit is 31350
your memory page size is 4096 bytes
detected max file descriptor number: 1024
lock engine: pthread robust mutexes
thunder lock: disabled (you can enable it with --thunder-lock)
bind(): Permission denied [core/socket.c line 769]
